<?xml version="1.0" encoding="UTF-8"?>
<coverage generated="1735363818099" clover="3.2.0">
  <project timestamp="1735363818099" name="All files">
    <metrics statements="13" coveredstatements="13" conditionals="8" coveredconditionals="6" methods="3" coveredmethods="3" elements="24" coveredelements="22" complexity="0" loc="13" ncloc="13" packages="1" files="1" classes="1"/>
    <file name="limit-prop-drill-depth.js" path="/Users/alviiin./Desktop/sem3/research/maintainability_tool/src/backend/eslint-plugin-custom/rules/limit-prop-drill-depth.js">
      <metrics statements="13" coveredstatements="13" conditionals="8" coveredconditionals="6" methods="3" coveredmethods="3"/>
      <line num="1" count="1" type="stmt"/>
      <line num="23" count="4" type="cond" truecount="1" falsecount="1"/>
      <line num="25" count="4" type="stmt"/>
      <line num="26" count="2" type="cond" truecount="1" falsecount="1"/>
      <line num="27" count="2" type="stmt"/>
      <line num="35" count="4" type="stmt"/>
      <line num="37" count="15" type="stmt"/>
      <line num="38" count="15" type="stmt"/>
      <line num="41" count="15" type="cond" truecount="2" falsecount="0"/>
      <line num="42" count="21" type="stmt"/>
      <line num="43" count="21" type="stmt"/>
      <line num="47" count="15" type="cond" truecount="2" falsecount="0"/>
      <line num="48" count="2" type="stmt"/>
    </file>
  </project>
</coverage>
