{"/Users/alviiin./Desktop/sem3/research/maintainability_tool/src/backend/eslint-plugin-custom/rules/limit-prop-drill-depth.js": {"path":"/Users/alviiin./Desktop/sem3/research/maintainability_tool/src/backend/eslint-plugin-custom/rules/limit-prop-drill-depth.js","statementMap":{"0":{"start":{"line":1,"column":0},"end":{"line":53,"column":2}},"1":{"start":{"line":23,"column":21},"end":{"line":23,"column":54}},"2":{"start":{"line":25,"column":30},"end":{"line":33,"column":5}},"3":{"start":{"line":26,"column":6},"end":{"line":32,"column":7}},"4":{"start":{"line":27,"column":8},"end":{"line":31,"column":11}},"5":{"start":{"line":35,"column":4},"end":{"line":51,"column":6}},"6":{"start":{"line":37,"column":20},"end":{"line":37,"column":21}},"7":{"start":{"line":38,"column":22},"end":{"line":38,"column":26}},"8":{"start":{"line":41,"column":8},"end":{"line":44,"column":9}},"9":{"start":{"line":42,"column":10},"end":{"line":42,"column":18}},"10":{"start":{"line":43,"column":10},"end":{"line":43,"column":35}},"11":{"start":{"line":47,"column":8},"end":{"line":49,"column":9}},"12":{"start":{"line":48,"column":10},"end":{"line":48,"column":56}}},"fnMap":{"0":{"name":"(anonymous_0)","decl":{"start":{"line":22,"column":2},"end":{"line":22,"column":3}},"loc":{"start":{"line":22,"column":18},"end":{"line":52,"column":3}},"line":22},"1":{"name":"(anonymous_1)","decl":{"start":{"line":25,"column":30},"end":{"line":25,"column":31}},"loc":{"start":{"line":25,"column":47},"end":{"line":33,"column":5}},"line":25},"2":{"name":"(anonymous_2)","decl":{"start":{"line":36,"column":6},"end":{"line":36,"column":7}},"loc":{"start":{"line":36,"column":23},"end":{"line":50,"column":7}},"line":36}},"branchMap":{"0":{"loc":{"start":{"line":23,"column":21},"end":{"line":23,"column":54}},"type":"binary-expr","locations":[{"start":{"line":23,"column":21},"end":{"line":23,"column":49}},{"start":{"line":23,"column":53},"end":{"line":23,"column":54}}],"line":23},"1":{"loc":{"start":{"line":26,"column":6},"end":{"line":32,"column":7}},"type":"if","locations":[{"start":{"line":26,"column":6},"end":{"line":32,"column":7}},{"start":{},"end":{}}],"line":26},"2":{"loc":{"start":{"line":41,"column":15},"end":{"line":41,"column":69}},"type":"binary-expr","locations":[{"start":{"line":41,"column":15},"end":{"line":41,"column":29}},{"start":{"line":41,"column":33},"end":{"line":41,"column":69}}],"line":41},"3":{"loc":{"start":{"line":47,"column":8},"end":{"line":49,"column":9}},"type":"if","locations":[{"start":{"line":47,"column":8},"end":{"line":49,"column":9}},{"start":{},"end":{}}],"line":47}},"s":{"0":1,"1":4,"2":4,"3":2,"4":2,"5":4,"6":15,"7":15,"8":15,"9":21,"10":21,"11":15,"12":2},"f":{"0":4,"1":2,"2":15},"b":{"0":[4,0],"1":[2,0],"2":[36,36],"3":[2,13]},"_coverageSchema":"1a1c01bbd47fc00a2c39e90264f33305004495a9","hash":"56422f0cb84e8d6926a2fd1801506fa8d59ca01d"}
}
